<?xml version="1.0" encoding="UTF-8"?>
<!-- Generated by org.testng.reporters.JUnitXMLReporter -->
<testsuite ignored="0" hostname="Monals-MacBook-Pro-M1.local" failures="0" tests="2" name="Error Validations Test" time="41.686" errors="0" timestamp="2022-09-16T10:29:04 PDT">
  <testcase classname="rahulshettyacademy.tests.ErrorValidationsTest" name="LoginErrorValidation" time="1.944"/>
  <testcase classname="rahulshettyacademy.tests.ErrorValidationsTest" name="ProductErrorValidation" time="19.168"/>
</testsuite> <!-- Error Validations Test -->
