<?xml version="1.0" encoding="UTF-8"?>
<!-- Generated by org.testng.reporters.JUnitXMLReporter -->
<testsuite ignored="0" hostname="Monals-MacBook-Pro-M1.local" failures="0" tests="3" name="Submit Order Test" time="72.667" errors="0" timestamp="2022-09-16T10:29:35 PDT">
  <testcase classname="rahulshettyacademy.tests.SubmitOrderTest" name="submitOrder" time="20.877"/>
  <testcase classname="rahulshettyacademy.tests.SubmitOrderTest" name="submitOrder" time="20.729"/>
  <testcase classname="rahulshettyacademy.tests.SubmitOrderTest" name="OrderHistoryTest" time="4.088"/>
</testsuite> <!-- Submit Order Test -->
