<?xml version="1.0" encoding="UTF-8"?>
<testng-results ignored="0" total="5" passed="5" failed="0" skipped="0">
  <reporter-output>
  </reporter-output>
  <suite started-at="2022-09-16T10:28:22 PDT" name="Suite" finished-at="2022-09-16T10:29:35 PDT" duration-ms="72667">
    <groups>
      <group name="ErrorHandling">
        <method signature="ErrorValidationsTest.LoginErrorValidation()[pri:0, instance:rahulshettyacademy.tests.ErrorValidationsTest@29a0cdb]" name="LoginErrorValidation" class="rahulshettyacademy.tests.ErrorValidationsTest"/>
      </group> <!-- ErrorHandling -->
      <group name="Purchase">
        <method signature="SubmitOrderTest.submitOrder(java.util.HashMap)[pri:0, instance:rahulshettyacademy.tests.SubmitOrderTest@5ddf0d24]" name="submitOrder" class="rahulshettyacademy.tests.SubmitOrderTest"/>
      </group> <!-- Purchase -->
    </groups>
    <test started-at="2022-09-16T10:28:22 PDT" name="Error Validations Test" finished-at="2022-09-16T10:29:04 PDT" duration-ms="41686">
      <class name="rahulshettyacademy.tests.ErrorValidationsTest">
        <test-method is-config="true" signature="launchApplication()[pri:0, instance:rahulshettyacademy.tests.ErrorValidationsTest@29a0cdb]" started-at="2022-09-16T10:28:22 PDT" name="launchApplication" finished-at="2022-09-16T10:28:36 PDT" duration-ms="13255" status="PASS">
          <reporter-output>
          </reporter-output>
        </test-method> <!-- launchApplication -->
        <test-method signature="LoginErrorValidation()[pri:0, instance:rahulshettyacademy.tests.ErrorValidationsTest@29a0cdb]" started-at="2022-09-16T10:28:36 PDT" name="LoginErrorValidation" finished-at="2022-09-16T10:28:38 PDT" duration-ms="1944" status="PASS">
          <reporter-output>
          </reporter-output>
        </test-method> <!-- LoginErrorValidation -->
        <test-method is-config="true" signature="tearDown()[pri:0, instance:rahulshettyacademy.tests.ErrorValidationsTest@29a0cdb]" started-at="2022-09-16T10:28:38 PDT" name="tearDown" finished-at="2022-09-16T10:28:38 PDT" duration-ms="128" status="PASS">
          <reporter-output>
          </reporter-output>
        </test-method> <!-- tearDown -->
        <test-method is-config="true" signature="launchApplication()[pri:0, instance:rahulshettyacademy.tests.ErrorValidationsTest@29a0cdb]" started-at="2022-09-16T10:28:38 PDT" name="launchApplication" finished-at="2022-09-16T10:28:45 PDT" duration-ms="6860" status="PASS">
          <reporter-output>
          </reporter-output>
        </test-method> <!-- launchApplication -->
        <test-method signature="ProductErrorValidation()[pri:0, instance:rahulshettyacademy.tests.ErrorValidationsTest@29a0cdb]" started-at="2022-09-16T10:28:45 PDT" name="ProductErrorValidation" finished-at="2022-09-16T10:29:04 PDT" duration-ms="19168" status="PASS">
          <reporter-output>
          </reporter-output>
        </test-method> <!-- ProductErrorValidation -->
        <test-method is-config="true" signature="tearDown()[pri:0, instance:rahulshettyacademy.tests.ErrorValidationsTest@29a0cdb]" started-at="2022-09-16T10:29:04 PDT" name="tearDown" finished-at="2022-09-16T10:29:04 PDT" duration-ms="123" status="PASS">
          <reporter-output>
          </reporter-output>
        </test-method> <!-- tearDown -->
      </class> <!-- rahulshettyacademy.tests.ErrorValidationsTest -->
    </test> <!-- Error Validations Test -->
    <test started-at="2022-09-16T10:28:22 PDT" name="Submit Order Test" finished-at="2022-09-16T10:29:35 PDT" duration-ms="72667">
      <class name="rahulshettyacademy.tests.SubmitOrderTest">
        <test-method is-config="true" signature="launchApplication()[pri:0, instance:rahulshettyacademy.tests.SubmitOrderTest@5ddf0d24]" started-at="2022-09-16T10:28:23 PDT" name="launchApplication" finished-at="2022-09-16T10:28:35 PDT" duration-ms="12168" status="PASS">
          <reporter-output>
          </reporter-output>
        </test-method> <!-- launchApplication -->
        <test-method signature="submitOrder(java.util.HashMap)[pri:0, instance:rahulshettyacademy.tests.SubmitOrderTest@5ddf0d24]" started-at="2022-09-16T10:28:35 PDT" name="submitOrder" data-provider="getData" finished-at="2022-09-16T10:28:56 PDT" duration-ms="20877" status="PASS">
          <params>
            <param index="0">
              <value>
                <![CDATA[{password=ZAQ!2wsx, email=mon@gmail.com, productName=ZARA COAT 3}]]>
              </value>
            </param>
          </params>
          <reporter-output>
          </reporter-output>
        </test-method> <!-- submitOrder -->
        <test-method is-config="true" signature="tearDown()[pri:0, instance:rahulshettyacademy.tests.SubmitOrderTest@5ddf0d24]" started-at="2022-09-16T10:28:56 PDT" name="tearDown" finished-at="2022-09-16T10:28:56 PDT" duration-ms="86" status="PASS">
          <reporter-output>
          </reporter-output>
        </test-method> <!-- tearDown -->
        <test-method is-config="true" signature="launchApplication()[pri:0, instance:rahulshettyacademy.tests.SubmitOrderTest@5ddf0d24]" started-at="2022-09-16T10:28:56 PDT" name="launchApplication" finished-at="2022-09-16T10:29:03 PDT" duration-ms="6729" status="PASS">
          <reporter-output>
          </reporter-output>
        </test-method> <!-- launchApplication -->
        <test-method signature="submitOrder(java.util.HashMap)[pri:0, instance:rahulshettyacademy.tests.SubmitOrderTest@5ddf0d24]" started-at="2022-09-16T10:29:03 PDT" name="submitOrder" data-provider="getData" finished-at="2022-09-16T10:29:23 PDT" duration-ms="20729" status="PASS">
          <params>
            <param index="0">
              <value>
                <![CDATA[{password=ZAQ!2wsx, email=wow@gmail.com, productName=ADIDAS ORIGINAL}]]>
              </value>
            </param>
          </params>
          <reporter-output>
          </reporter-output>
        </test-method> <!-- submitOrder -->
        <test-method is-config="true" signature="tearDown()[pri:0, instance:rahulshettyacademy.tests.SubmitOrderTest@5ddf0d24]" started-at="2022-09-16T10:29:23 PDT" name="tearDown" finished-at="2022-09-16T10:29:23 PDT" duration-ms="106" status="PASS">
          <reporter-output>
          </reporter-output>
        </test-method> <!-- tearDown -->
        <test-method is-config="true" signature="launchApplication()[pri:0, instance:rahulshettyacademy.tests.SubmitOrderTest@5ddf0d24]" started-at="2022-09-16T10:29:23 PDT" name="launchApplication" finished-at="2022-09-16T10:29:31 PDT" duration-ms="7196" status="PASS">
          <reporter-output>
          </reporter-output>
        </test-method> <!-- launchApplication -->
        <test-method signature="OrderHistoryTest()[pri:0, instance:rahulshettyacademy.tests.SubmitOrderTest@5ddf0d24]" started-at="2022-09-16T10:29:31 PDT" name="OrderHistoryTest" finished-at="2022-09-16T10:29:35 PDT" depends-on-methods="rahulshettyacademy.tests.SubmitOrderTest.submitOrder" duration-ms="4088" status="PASS">
          <reporter-output>
          </reporter-output>
        </test-method> <!-- OrderHistoryTest -->
        <test-method is-config="true" signature="tearDown()[pri:0, instance:rahulshettyacademy.tests.SubmitOrderTest@5ddf0d24]" started-at="2022-09-16T10:29:35 PDT" name="tearDown" finished-at="2022-09-16T10:29:35 PDT" duration-ms="107" status="PASS">
          <reporter-output>
          </reporter-output>
        </test-method> <!-- tearDown -->
      </class> <!-- rahulshettyacademy.tests.SubmitOrderTest -->
    </test> <!-- Submit Order Test -->
  </suite> <!-- Suite -->
</testng-results>
